<?xml version="1.0" encoding="UTF-8"?>
<testsuite xmlns:xsi="http://www.w3.org/2001/XMLSchema-instance" xsi:noNamespaceSchemaLocation="https://maven.apache.org/surefire/maven-surefire-plugin/xsd/surefire-test-report.xsd" version="3.0.2" name="cl.duoc.pedidos360_backend.Pedidos360SecurityTests" time="17.99" tests="1" errors="0" skipped="0" failures="0" flakes="0">
  <properties>
[...]
</properties>
  <testcase name="sinTokenDeberiaRechazarPeticionAPedidos" classname="cl.duoc.pedidos360_backend.Pedidos360SecurityTests" time="2.178">
    <system-out><![CDATA[12:43:58.360 [main] INFO org.springframework.boot.test.context.SpringBootTestContextBootstrapper -- Found @SpringBootConfiguration cl.duoc.pedidos360_backend.Pedidos360BackendApplication for test class cl.duoc.pedidos360_backend.Pedidos360SecurityTests
12:43:58.615 [main] INFO org.springframework.boot.test.context.SpringBootTestContextBootstrapper -- Found @SpringBootConfiguration cl.duoc.pedidos360_backend.Pedidos360BackendApplication for test class cl.duoc.pedidos360_backend.Pedidos360SecurityTests

  .   ____          _            __ _ _
 /\\ / ___'_ __ _ _(_)_ __  __ _ \ \ \ \
( ( )\___ | '_ | '_| | '_ \/ _` | \ \ \ \
 \\/  ___)| |_)| | | | | || (_| |  ) ) ) )
  '  |____| .__|_| |_|_| |_\__, | / / / /
 =========|_|==============|___/=/_/_/_/

 :: Spring Boot ::                (v4.1.1)

2026-09-25T12:43:59.691-03:00  INFO 32488 --- [           main] c.d.p.Pedidos360SecurityTests            : Starting Pedidos360SecurityTests using Java 22.0.2 with PID 32488 (started by jakfu in C:\Users\jakfu\Downloads\pedidos360\pedidos360\pedidos360-backend\pedidos360-backend)
2026-09-25T12:43:59.694-03:00  INFO 32488 --- [           main] c.d.p.Pedidos360SecurityTests            : No active profile set, falling back to 1 default profile: "default"
2026-09-25T12:44:01.807-03:00  INFO 32488 --- [           main] .s.d.r.c.RepositoryConfigurationDelegate : Bootstrapping Spring Data JPA repositories in DEFAULT mode.
2026-09-25T12:44:01.955-03:00  INFO 32488 --- [           main] .s.d.r.c.RepositoryConfigurationDelegate : Finished Spring Data repository scanning in 123 ms. Found 1 JPA repository interface.
2026-09-25T12:44:04.002-03:00  INFO 32488 --- [           main] o.s.boot.tomcat.TomcatWebServer          : Tomcat initialized with port 0 (http)
2026-09-25T12:44:04.064-03:00  INFO 32488 --- [           main] o.apache.catalina.core.StandardService   : Starting service [Tomcat]
2026-09-25T12:44:04.064-03:00  INFO 32488 --- [           main] o.apache.catalina.core.StandardEngine    : Starting Servlet engine: [Apache Tomcat/11.0.24]
2026-09-25T12:44:04.269-03:00  INFO 32488 --- [           main] b.w.c.s.WebApplicationContextInitializer : Root WebApplicationContext: initialization completed in 4492 ms
2026-09-25T12:44:04.921-03:00  INFO 32488 --- [           main] org.hibernate.orm.jpa                    : HHH008540: Processing PersistenceUnitInfo [name: default]
2026-09-25T12:44:05.238-03:00  INFO 32488 --- [           main] org.hibernate.orm.core                   : HHH000001: Hibernate ORM core version 7.4.5.Final
2026-09-25T12:44:06.726-03:00  INFO 32488 --- [           main] o.s.o.j.p.SpringPersistenceUnitInfo      : No LoadTimeWeaver setup: ignoring JPA class transformer
2026-09-25T12:44:06.816-03:00  INFO 32488 --- [           main] com.zaxxer.hikari.HikariDataSource       : HikariPool-1 - Starting...
2026-09-25T12:44:07.311-03:00  INFO 32488 --- [           main] com.zaxxer.hikari.pool.HikariPool        : HikariPool-1 - Added connection conn0: url=jdbc:h2:mem:testdb user=SA
2026-09-25T12:44:07.314-03:00  INFO 32488 --- [           main] com.zaxxer.hikari.HikariDataSource       : HikariPool-1 - Start completed.
2026-09-25T12:44:07.473-03:00  INFO 32488 --- [           main] org.hibernate.orm.connections.pooling    : HHH10001005: Database info:
	Database JDBC URL [jdbc:h2:mem:testdb]
	Database driver: H2 JDBC Driver
	Database dialect: H2Dialect
	Database version: 2.4.240
	Default catalog/schema: TESTDB/PUBLIC
	Autocommit mode: undefined/unknown
	Isolation level: READ_COMMITTED [default READ_COMMITTED]
	JDBC fetch size: 100
	Pool: DataSourceConnectionProvider
	Minimum pool size: undefined/unknown
	Maximum pool size: undefined/unknown
2026-09-25T12:44:09.532-03:00  INFO 32488 --- [           main] org.hibernate.orm.core                   : HHH000489: No JTA platform available (set 'hibernate.transaction.jta.platform' to enable JTA platform integration)
2026-09-25T12:44:09.627-03:00  INFO 32488 --- [           main] j.LocalContainerEntityManagerFactoryBean : Initialized JPA EntityManagerFactory for persistence unit 'default'
2026-09-25T12:44:10.017-03:00  INFO 32488 --- [           main] o.s.d.j.r.query.QueryEnhancerFactories   : Hibernate is in classpath; If applicable, HQL parser will be used.
2026-09-25T12:44:10.655-03:00  WARN 32488 --- [           main] JpaBaseConfiguration$JpaWebConfiguration : spring.jpa.open-in-view is enabled by default. Therefore, database queries may be performed during view rendering. Explicitly configure spring.jpa.open-in-view to disable this warning
2026-09-25T12:44:13.107-03:00  INFO 32488 --- [           main] o.s.boot.tomcat.TomcatWebServer          : Tomcat started on port 54594 (http) with context path '/'
2026-09-25T12:44:13.122-03:00  INFO 32488 --- [           main] c.d.p.Pedidos360SecurityTests            : Started Pedidos360SecurityTests in 14.353 seconds (process running for 17.556)
2026-09-25T12:44:14.918-03:00  INFO 32488 --- [o-auto-1-exec-1] o.a.c.c.C.[Tomcat].[localhost].[/]       : Initializing Spring DispatcherServlet 'dispatcherServlet'
2026-09-25T12:44:14.918-03:00  INFO 32488 --- [o-auto-1-exec-1] o.s.web.servlet.DispatcherServlet        : Initializing Servlet 'dispatcherServlet'
2026-09-25T12:44:14.924-03:00  INFO 32488 --- [o-auto-1-exec-1] o.s.web.servlet.DispatcherServlet        : Completed initialization in 6 ms
]]></system-out>
    <system-err><![CDATA[Mockito is currently self-attaching to enable the inline-mock-maker. This will no longer work in future releases of the JDK. Please add Mockito as an agent to your build as described in Mockito's documentation: https://javadoc.io/doc/org.mockito/mockito-core/latest/org.mockito/org/mockito/Mockito.html#0.3
WARNING: A Java agent has been loaded dynamically (C:\Users\jakfu\.m2\repository\net\bytebuddy\byte-buddy-agent\1.18.11\byte-buddy-agent-1.18.11.jar)
WARNING: If a serviceability tool is in use, please run with -XX:+EnableDynamicAgentLoading to hide this warning
WARNING: If a serviceability tool is not in use, please run with -Djdk.instrument.traceUsage for more information
WARNING: Dynamic loading of agents will be disallowed by default in a future release
]]></system-err>
  </testcase>
</testsuite>