<?xml version="1.0" encoding="UTF-8"?>
<testsuite xmlns:xsi="http://www.w3.org/2001/XMLSchema-instance" xsi:noNamespaceSchemaLocation="https://maven.apache.org/surefire/maven-surefire-plugin/xsd/surefire-test-report.xsd" version="3.0.2" name="cl.duoc.pedidos360_backend.Pedidos360BackendApplicationTests" time="4.462" tests="1" errors="0" skipped="0" failures="0" flakes="0">
  <properties>
[...]
</properties>
  <testcase name="contextLoads" classname="cl.duoc.pedidos360_backend.Pedidos360BackendApplicationTests" time="1.018">
    <system-out><![CDATA[13:59:19.125 [main] INFO org.springframework.test.context.support.AnnotationConfigContextLoaderUtils -- Could not detect default configuration classes for test class [cl.duoc.pedidos360_backend.Pedidos360BackendApplicationTests]: Pedidos360BackendApplicationTests does not declare any static, non-private, non-final, nested classes annotated with @Configuration.
13:59:19.280 [main] INFO org.springframework.boot.test.context.SpringBootTestContextBootstrapper -- Found @SpringBootConfiguration cl.duoc.pedidos360_backend.Pedidos360BackendApplication for test class cl.duoc.pedidos360_backend.Pedidos360BackendApplicationTests
13:59:19.419 [main] INFO org.springframework.test.context.support.AnnotationConfigContextLoaderUtils -- Could not detect default configuration classes for test class [cl.duoc.pedidos360_backend.Pedidos360BackendApplicationTests]: Pedidos360BackendApplicationTests does not declare any static, non-private, non-final, nested classes annotated with @Configuration.
13:59:19.421 [main] INFO org.springframework.boot.test.context.SpringBootTestContextBootstrapper -- Found @SpringBootConfiguration cl.duoc.pedidos360_backend.Pedidos360BackendApplication for test class cl.duoc.pedidos360_backend.Pedidos360BackendApplicationTests

  .   ____          _            __ _ _
 /\\ / ___'_ __ _ _(_)_ __  __ _ \ \ \ \
( ( )\___ | '_ | '_| | '_ \/ _` | \ \ \ \
 \\/  ___)| |_)| | | | | || (_| |  ) ) ) )
  '  |____| .__|_| |_|_| |_\__, | / / / /
 =========|_|==============|___/=/_/_/_/

 :: Spring Boot ::                (v4.1.1)

2026-09-24T13:59:20.042-03:00  INFO 30268 --- [pedidos360-backend] [           main] c.d.p.Pedidos360BackendApplicationTests  : Starting Pedidos360BackendApplicationTests using Java 22.0.2 with PID 30268 (started by jakfu in C:\Users\jakfu\Downloads\pedidos360\pedidos360\pedidos360-backend\pedidos360-backend)
2026-09-24T13:59:20.045-03:00  INFO 30268 --- [pedidos360-backend] [           main] c.d.p.Pedidos360BackendApplicationTests  : No active profile set, falling back to 1 default profile: "default"
2026-09-24T13:59:22.210-03:00  INFO 30268 --- [pedidos360-backend] [           main] c.d.p.Pedidos360BackendApplicationTests  : Started Pedidos360BackendApplicationTests in 2.677 seconds (process running for 4.24)
]]></system-out>
    <system-err><![CDATA[Mockito is currently self-attaching to enable the inline-mock-maker. This will no longer work in future releases of the JDK. Please add Mockito as an agent to your build as described in Mockito's documentation: https://javadoc.io/doc/org.mockito/mockito-core/latest/org.mockito/org/mockito/Mockito.html#0.3
WARNING: A Java agent has been loaded dynamically (C:\Users\jakfu\.m2\repository\net\bytebuddy\byte-buddy-agent\1.18.11\byte-buddy-agent-1.18.11.jar)
WARNING: If a serviceability tool is in use, please run with -XX:+EnableDynamicAgentLoading to hide this warning
WARNING: If a serviceability tool is not in use, please run with -Djdk.instrument.traceUsage for more information
WARNING: Dynamic loading of agents will be disallowed by default in a future release
]]></system-err>
  </testcase>
</testsuite>